<?xml version="1.0" encoding="UTF-8"?>
<!-- Generated by org.testng.reporters.JUnitReportReporter -->
<testsuite hostname="LAPTOP-3G6PEO70" failures="0" tests="1" name="TestNgSample" time="0.004" errors="0" timestamp="2023-02-13T09:30:52 EET" skipped="0">
  <testcase classname="TestNgSample" name="setup" time="0.004"/>
  <system-out/>
</testsuite> <!-- TestNgSample -->
